Using pre-set license
Built from '2021.1/staging' branch; Version is '2021.1.22f1 (a137e5fb0427) revision 10565605'; Using compiler version '192528614'; Build Type 'Release'
OS: 'Windows 10 Home; OS build 19043.1237; Version 2009; 64bit' Language: 'en' Physical Memory: 16276 MB
BatchMode: 1, IsHumanControllingUs: 0, StartBugReporterOnCrash: 0, Is64bit: 1, IsPro: 0

COMMAND LINE ARGUMENTS:
C:\Program Files\Unity\Hub\Editor\2021.1.22f1\Editor\Unity.exe
-adb2
-batchMode
-noUpm
-name
AssetImportWorker0
-projectPath
C:/Users/Ophas/Documents/Unity/EscapeForOptions (Unity 2021) CDRIVE
-logFile
Logs/AssetImportWorker0.log
-srvPort
62775
Successfully changed project path to: C:/Users/Ophas/Documents/Unity/EscapeForOptions (Unity 2021) CDRIVE
C:/Users/Ophas/Documents/Unity/EscapeForOptions (Unity 2021) CDRIVE
Using Asset Import Pipeline V2.
Assets/Free-C4D-3D-Model-Vintage-Sony-Portable-Television/Sony 8-301 W.c4d: Unity no longer supports importing Cinema 4D files directly, but we're working with Maxon to make the experience better. To import Cinema 4D files, install Maxon's external importer. You can find more information on the Unity Forum: https://on.unity.com/c4d.

Please note that FBX files exported from Cinema4D are still supported.
Refreshing native plugins compatible for Editor in 145.24 ms, found 5 plugins.
Preloading 0 native plugins for Editor in 0.00 ms.
Initialize engine version: 2021.1.22f1 (a137e5fb0427)
[Subsystems] Discovering subsystems at path C:/Program Files/Unity/Hub/Editor/2021.1.22f1/Editor/Data/Resources/UnitySubsystems
[Subsystems] Discovering subsystems at path C:/Users/Ophas/Documents/Unity/EscapeForOptions (Unity 2021) CDRIVE/Assets
GfxDevice: creating device client; threaded=0; jobified=0
Direct3D:
    Version:  Direct3D 11.0 [level 11.1]
    Renderer: NVIDIA GeForce GTX 1050 Ti (ID=0x1c8c)
    Vendor:   NVIDIA
    VRAM:     4021 MB
    Driver:   23.21.13.9125
Initialize mono
Mono path[0] = 'C:/Program Files/Unity/Hub/Editor/2021.1.22f1/Editor/Data/Managed'
Mono path[1] = 'C:/Program Files/Unity/Hub/Editor/2021.1.22f1/Editor/Data/MonoBleedingEdge/lib/mono/unityjit'
Mono config path = 'C:/Program Files/Unity/Hub/Editor/2021.1.22f1/Editor/Data/MonoBleedingEdge/etc'
Using monoOptions --debugger-agent=transport=dt_socket,embedding=1,server=y,suspend=n,address=127.0.0.1:56020
Begin MonoManager ReloadAssembly
Registering precompiled unity dll's ...
Register platform support module: C:/Program Files/Unity/Hub/Editor/2021.1.22f1/Editor/Data/PlaybackEngines/WindowsStandaloneSupport/UnityEditor.WindowsStandalone.Extensions.dll
Registered in 0.003414 seconds.
Native extension for WindowsStandalone target not found
Assets/Free-C4D-3D-Model-Vintage-Sony-Portable-Television/Sony 8-301 W.c4d: Unity no longer supports importing Cinema 4D files directly, but we're working with Maxon to make the experience better. To import Cinema 4D files, install Maxon's external importer. You can find more information on the Unity Forum: https://on.unity.com/c4d.

Please note that FBX files exported from Cinema4D are still supported.
Refreshing native plugins compatible for Editor in 144.81 ms, found 5 plugins.
Preloading 0 native plugins for Editor in 0.00 ms.
Mono: successfully reloaded assembly
- Completed reload, in  2.233 seconds
Domain Reload Profiling:
	ReloadAssembly (2233ms)
		BeginReloadAssembly (138ms)
			ExecutionOrderSort (0ms)
			DisableScriptedObjects (0ms)
			BackupInstance (0ms)
			ReleaseScriptingObjects (0ms)
			CreateAndSetChildDomain (1ms)
		EndReloadAssembly (878ms)
			LoadAssemblies (129ms)
			RebuildTransferFunctionScriptingTraits (0ms)
			SetupTypeCache (350ms)
			ReleaseScriptCaches (0ms)
			RebuildScriptCaches (33ms)
			SetupLoadedEditorAssemblies (424ms)
				LogAssemblyErrors (0ms)
				InitializePlatformSupportModulesInManaged (11ms)
				SetLoadedEditorAssemblies (0ms)
				RefreshPlugins (145ms)
				BeforeProcessingInitializeOnLoad (2ms)
				ProcessInitializeOnLoadAttributes (204ms)
				ProcessInitializeOnLoadMethodAttributes (61ms)
				AfterProcessingInitializeOnLoad (0ms)
				EditorAssembliesLoaded (0ms)
			ExecutionOrderSort2 (0ms)
			AwakeInstancesAfterBackupRestoration (0ms)
Platform modules already initialized, skipping
Registering precompiled user dll's ...
Registered in 0.011687 seconds.
Begin MonoManager ReloadAssembly
Native extension for WindowsStandalone target not found
Refreshing native plugins compatible for Editor in 2.06 ms, found 5 plugins.
Preloading 0 native plugins for Editor in 0.00 ms.
Mono: successfully reloaded assembly
- Completed reload, in  1.706 seconds
Domain Reload Profiling:
	ReloadAssembly (1707ms)
		BeginReloadAssembly (229ms)
			ExecutionOrderSort (0ms)
			DisableScriptedObjects (6ms)
			BackupInstance (0ms)
			ReleaseScriptingObjects (0ms)
			CreateAndSetChildDomain (30ms)
		EndReloadAssembly (1354ms)
			LoadAssemblies (148ms)
			RebuildTransferFunctionScriptingTraits (0ms)
			SetupTypeCache (439ms)
			ReleaseScriptCaches (1ms)
			RebuildScriptCaches (66ms)
			SetupLoadedEditorAssemblies (579ms)
				LogAssemblyErrors (0ms)
				InitializePlatformSupportModulesInManaged (7ms)
				SetLoadedEditorAssemblies (1ms)
				RefreshPlugins (2ms)
				BeforeProcessingInitializeOnLoad (92ms)
				ProcessInitializeOnLoadAttributes (364ms)
				ProcessInitializeOnLoadMethodAttributes (102ms)
				AfterProcessingInitializeOnLoad (11ms)
				EditorAssembliesLoaded (0ms)
			ExecutionOrderSort2 (0ms)
			AwakeInstancesAfterBackupRestoration (10ms)
Platform modules already initialized, skipping
Assets/Free-C4D-3D-Model-Vintage-Sony-Portable-Television/Sony 8-301 W.c4d: Unity no longer supports importing Cinema 4D files directly, but we're working with Maxon to make the experience better. To import Cinema 4D files, install Maxon's external importer. You can find more information on the Unity Forum: https://on.unity.com/c4d.

Please note that FBX files exported from Cinema4D are still supported.
========================================================================
Worker process is ready to serve import requests
Assets/Free-C4D-3D-Model-Vintage-Sony-Portable-Television/Sony 8-301 W.c4d: Unity no longer supports importing Cinema 4D files directly, but we're working with Maxon to make the experience better. To import Cinema 4D files, install Maxon's external importer. You can find more information on the Unity Forum: https://on.unity.com/c4d.

Please note that FBX files exported from Cinema4D are still supported.
Launched and connected shader compiler UnityShaderCompiler.exe after 0.09 seconds
Refreshing native plugins compatible for Editor in 2.11 ms, found 5 plugins.
Preloading 0 native plugins for Editor in 0.00 ms.
Unloading 2639 Unused Serialized files (Serialized files now loaded: 0)
System memory in use before: 224.1 MB.
System memory in use after: 224.0 MB.

Unloading 68 unused Assets to reduce memory usage. Loaded Objects now: 3098.
Total: 11.501300 ms (FindLiveObjects: 0.327600 ms CreateObjectMapping: 0.278900 ms MarkObjects: 10.635400 ms  DeleteObjects: 0.258300 ms)

AssetImportParameters requested are different than current active one (requested -> active):
  custom:framework-win-MediaFoundation: 216162199b28c13a410421893ffa2e32 -> 
  custom:video-decoder-ogg-theora: a1e56fd34408186e4bbccfd4996cb3dc -> 
  custom:container-muxer-webm: aa71ff27fc2769a1b78a27578f13a17b -> 
  custom:container-demuxer-webm: 4f35f7cbe854078d1ac9338744f61a02 -> 
  custom:container-demuxer-ogg: 62fdf1f143b41e24485cea50d1cbac27 -> 
  custom:video-encoder-webm-vp8: eb34c28f22e8b96e1ab97ce403110664 -> 
  custom:video-decoder-webm-vp8: 9c59270c3fd7afecdb556c50c9e8de78 -> 
  custom:audio-decoder-ogg-vorbis: bf7c407c2cedff20999df2af8eb42d56 -> 
  custom:audio-encoder-webm-vorbis: bf7c407c2cedff20999df2af8eb42d56 -> 
========================================================================
Received Import Request.
  path: Assets/Scripts/blueCollide.cs
  artifactKey: Guid(84912b17dc4750f4a99b74ebba37cffc) Importer(815301076,1909f56bfc062723c751e8b465ee728b)
Start importing Assets/Scripts/blueCollide.cs using Guid(84912b17dc4750f4a99b74ebba37cffc) Importer(815301076,1909f56bfc062723c751e8b465ee728b)  -> (artifact id: '4186a2890b7c8ebec186412a37a0de50') in 0.068136 seconds 
========================================================================
Received Import Request.
  Time since last request: 0.000264 seconds.
  path: Assets/Scripts/redCollide.cs
  artifactKey: Guid(796f876449223af4a8411b51f2e0ef0c) Importer(815301076,1909f56bfc062723c751e8b465ee728b)
Start importing Assets/Scripts/redCollide.cs using Guid(796f876449223af4a8411b51f2e0ef0c) Importer(815301076,1909f56bfc062723c751e8b465ee728b)  -> (artifact id: '4e79d7e932eed3f0aaa11f59ce06deb8') in 0.008285 seconds 
========================================================================
Received Import Request.
  Time since last request: 161.817719 seconds.
  path: Assets/Scenes/memeallprefabs.unity
  artifactKey: Guid(7ed9570ca9f458c46823531c033ed7f0) Importer(815301076,1909f56bfc062723c751e8b465ee728b)
Start importing Assets/Scenes/memeallprefabs.unity using Guid(7ed9570ca9f458c46823531c033ed7f0) Importer(815301076,1909f56bfc062723c751e8b465ee728b)  -> (artifact id: 'a84fc6d990e93d52629dec3fa28c4f9e') in 0.016908 seconds 
========================================================================
Received Prepare
Assets/Free-C4D-3D-Model-Vintage-Sony-Portable-Television/Sony 8-301 W.c4d: Unity no longer supports importing Cinema 4D files directly, but we're working with Maxon to make the experience better. To import Cinema 4D files, install Maxon's external importer. You can find more information on the Unity Forum: https://on.unity.com/c4d.

Please note that FBX files exported from Cinema4D are still supported.
Registering precompiled user dll's ...
Registered in 0.007644 seconds.
Begin MonoManager ReloadAssembly
Native extension for WindowsStandalone target not found
Refreshing native plugins compatible for Editor in 1.20 ms, found 5 plugins.
Preloading 0 native plugins for Editor in 0.00 ms.
Mono: successfully reloaded assembly
- Completed reload, in  1.593 seconds
Domain Reload Profiling:
	ReloadAssembly (1594ms)
		BeginReloadAssembly (157ms)
			ExecutionOrderSort (0ms)
			DisableScriptedObjects (7ms)
			BackupInstance (0ms)
			ReleaseScriptingObjects (0ms)
			CreateAndSetChildDomain (48ms)
		EndReloadAssembly (1345ms)
			LoadAssemblies (128ms)
			RebuildTransferFunctionScriptingTraits (0ms)
			SetupTypeCache (422ms)
			ReleaseScriptCaches (2ms)
			RebuildScriptCaches (78ms)
			SetupLoadedEditorAssemblies (580ms)
				LogAssemblyErrors (0ms)
				InitializePlatformSupportModulesInManaged (6ms)
				SetLoadedEditorAssemblies (1ms)
				RefreshPlugins (1ms)
				BeforeProcessingInitializeOnLoad (117ms)
				ProcessInitializeOnLoadAttributes (317ms)
				ProcessInitializeOnLoadMethodAttributes (129ms)
				AfterProcessingInitializeOnLoad (8ms)
				EditorAssembliesLoaded (0ms)
			ExecutionOrderSort2 (0ms)
			AwakeInstancesAfterBackupRestoration (8ms)
Platform modules already initialized, skipping
Refreshing native plugins compatible for Editor in 1.32 ms, found 5 plugins.
Preloading 0 native plugins for Editor in 0.00 ms.
Unloading 2515 Unused Serialized files (Serialized files now loaded: 0)
System memory in use before: 212.1 MB.
System memory in use after: 212.0 MB.

Unloading 59 unused Assets to reduce memory usage. Loaded Objects now: 3100.
Total: 8.725000 ms (FindLiveObjects: 0.235600 ms CreateObjectMapping: 0.134800 ms MarkObjects: 8.138700 ms  DeleteObjects: 0.214800 ms)

AssetImportParameters requested are different than current active one (requested -> active):
  custom:framework-win-MediaFoundation: 216162199b28c13a410421893ffa2e32 -> 
  custom:video-decoder-ogg-theora: a1e56fd34408186e4bbccfd4996cb3dc -> 
  custom:container-muxer-webm: aa71ff27fc2769a1b78a27578f13a17b -> 
  custom:container-demuxer-webm: 4f35f7cbe854078d1ac9338744f61a02 -> 
  custom:container-demuxer-ogg: 62fdf1f143b41e24485cea50d1cbac27 -> 
  custom:video-encoder-webm-vp8: eb34c28f22e8b96e1ab97ce403110664 -> 
  custom:video-decoder-webm-vp8: 9c59270c3fd7afecdb556c50c9e8de78 -> 
  custom:audio-decoder-ogg-vorbis: bf7c407c2cedff20999df2af8eb42d56 -> 
  custom:audio-encoder-webm-vorbis: bf7c407c2cedff20999df2af8eb42d56 -> 
========================================================================
Received Import Request.
  Time since last request: 151.570227 seconds.
  path: Assets/Scenes/redpillarmyscene.unity
  artifactKey: Guid(5f64d8a9748a9794998ea8ec733d9762) Importer(815301076,1909f56bfc062723c751e8b465ee728b)
Start importing Assets/Scenes/redpillarmyscene.unity using Guid(5f64d8a9748a9794998ea8ec733d9762) Importer(815301076,1909f56bfc062723c751e8b465ee728b)  -> (artifact id: '27445d18e53d6bc747134b1fa613b39a') in 0.024064 seconds 
========================================================================
Received Import Request.
  Time since last request: 4.522841 seconds.
  path: Assets/Scenes/memeallprefabs.unity
  artifactKey: Guid(7ed9570ca9f458c46823531c033ed7f0) Importer(815301076,1909f56bfc062723c751e8b465ee728b)
Start importing Assets/Scenes/memeallprefabs.unity using Guid(7ed9570ca9f458c46823531c033ed7f0) Importer(815301076,1909f56bfc062723c751e8b465ee728b)  -> (artifact id: '81b80e08612fd343c4cb7a16f5d5e4dc') in 0.010970 seconds 
========================================================================
Received Import Request.
  Time since last request: 32.338549 seconds.
  path: Assets/Scenes/PillChoice.unity
  artifactKey: Guid(e98e58b39afeb9e4e9ac6096ef833088) Importer(815301076,1909f56bfc062723c751e8b465ee728b)
Start importing Assets/Scenes/PillChoice.unity using Guid(e98e58b39afeb9e4e9ac6096ef833088) Importer(815301076,1909f56bfc062723c751e8b465ee728b)  -> (artifact id: '128174d5d55e9aa71d019e16ef3c381d') in 0.023007 seconds 
========================================================================
Received Prepare
Assets/Free-C4D-3D-Model-Vintage-Sony-Portable-Television/Sony 8-301 W.c4d: Unity no longer supports importing Cinema 4D files directly, but we're working with Maxon to make the experience better. To import Cinema 4D files, install Maxon's external importer. You can find more information on the Unity Forum: https://on.unity.com/c4d.

Please note that FBX files exported from Cinema4D are still supported.
Registering precompiled user dll's ...
Registered in 0.007735 seconds.
Begin MonoManager ReloadAssembly
Native extension for WindowsStandalone target not found
Refreshing native plugins compatible for Editor in 1.33 ms, found 5 plugins.
Preloading 0 native plugins for Editor in 0.00 ms.
Mono: successfully reloaded assembly
- Completed reload, in  1.376 seconds
Domain Reload Profiling:
	ReloadAssembly (1376ms)
		BeginReloadAssembly (153ms)
			ExecutionOrderSort (0ms)
			DisableScriptedObjects (6ms)
			BackupInstance (0ms)
			ReleaseScriptingObjects (0ms)
			CreateAndSetChildDomain (47ms)
		EndReloadAssembly (1152ms)
			LoadAssemblies (123ms)
			RebuildTransferFunctionScriptingTraits (0ms)
			SetupTypeCache (385ms)
			ReleaseScriptCaches (1ms)
			RebuildScriptCaches (59ms)
			SetupLoadedEditorAssemblies (461ms)
				LogAssemblyErrors (0ms)
				InitializePlatformSupportModulesInManaged (7ms)
				SetLoadedEditorAssemblies (0ms)
				RefreshPlugins (1ms)
				BeforeProcessingInitializeOnLoad (79ms)
				ProcessInitializeOnLoadAttributes (283ms)
				ProcessInitializeOnLoadMethodAttributes (82ms)
				AfterProcessingInitializeOnLoad (8ms)
				EditorAssembliesLoaded (0ms)
			ExecutionOrderSort2 (0ms)
			AwakeInstancesAfterBackupRestoration (8ms)
Platform modules already initialized, skipping
Refreshing native plugins compatible for Editor in 1.17 ms, found 5 plugins.
Preloading 0 native plugins for Editor in 0.00 ms.
Unloading 2515 Unused Serialized files (Serialized files now loaded: 0)
System memory in use before: 212.1 MB.
System memory in use after: 212.1 MB.

Unloading 59 unused Assets to reduce memory usage. Loaded Objects now: 3102.
Total: 7.460400 ms (FindLiveObjects: 0.268700 ms CreateObjectMapping: 0.148500 ms MarkObjects: 6.846100 ms  DeleteObjects: 0.195900 ms)

AssetImportParameters requested are different than current active one (requested -> active):
  custom:framework-win-MediaFoundation: 216162199b28c13a410421893ffa2e32 -> 
  custom:video-decoder-ogg-theora: a1e56fd34408186e4bbccfd4996cb3dc -> 
  custom:container-muxer-webm: aa71ff27fc2769a1b78a27578f13a17b -> 
  custom:container-demuxer-webm: 4f35f7cbe854078d1ac9338744f61a02 -> 
  custom:container-demuxer-ogg: 62fdf1f143b41e24485cea50d1cbac27 -> 
  custom:video-encoder-webm-vp8: eb34c28f22e8b96e1ab97ce403110664 -> 
  custom:video-decoder-webm-vp8: 9c59270c3fd7afecdb556c50c9e8de78 -> 
  custom:audio-decoder-ogg-vorbis: bf7c407c2cedff20999df2af8eb42d56 -> 
  custom:audio-encoder-webm-vorbis: bf7c407c2cedff20999df2af8eb42d56 -> 
========================================================================
Received Prepare
Assets/Free-C4D-3D-Model-Vintage-Sony-Portable-Television/Sony 8-301 W.c4d: Unity no longer supports importing Cinema 4D files directly, but we're working with Maxon to make the experience better. To import Cinema 4D files, install Maxon's external importer. You can find more information on the Unity Forum: https://on.unity.com/c4d.

Please note that FBX files exported from Cinema4D are still supported.
Registering precompiled user dll's ...
Registered in 0.008478 seconds.
Begin MonoManager ReloadAssembly
Native extension for WindowsStandalone target not found
Refreshing native plugins compatible for Editor in 1.24 ms, found 5 plugins.
Preloading 0 native plugins for Editor in 0.00 ms.
Mono: successfully reloaded assembly
- Completed reload, in  1.334 seconds
Domain Reload Profiling:
	ReloadAssembly (1334ms)
		BeginReloadAssembly (149ms)
			ExecutionOrderSort (0ms)
			DisableScriptedObjects (7ms)
			BackupInstance (0ms)
			ReleaseScriptingObjects (0ms)
			CreateAndSetChildDomain (46ms)
		EndReloadAssembly (1111ms)
			LoadAssemblies (118ms)
			RebuildTransferFunctionScriptingTraits (0ms)
			SetupTypeCache (384ms)
			ReleaseScriptCaches (2ms)
			RebuildScriptCaches (82ms)
			SetupLoadedEditorAssemblies (420ms)
				LogAssemblyErrors (0ms)
				InitializePlatformSupportModulesInManaged (5ms)
				SetLoadedEditorAssemblies (0ms)
				RefreshPlugins (1ms)
				BeforeProcessingInitializeOnLoad (79ms)
				ProcessInitializeOnLoadAttributes (254ms)
				ProcessInitializeOnLoadMethodAttributes (72ms)
				AfterProcessingInitializeOnLoad (8ms)
				EditorAssembliesLoaded (0ms)
			ExecutionOrderSort2 (0ms)
			AwakeInstancesAfterBackupRestoration (8ms)
Platform modules already initialized, skipping
Refreshing native plugins compatible for Editor in 1.20 ms, found 5 plugins.
Preloading 0 native plugins for Editor in 0.00 ms.
Unloading 2515 Unused Serialized files (Serialized files now loaded: 0)
System memory in use before: 212.2 MB.
System memory in use after: 212.1 MB.

Unloading 59 unused Assets to reduce memory usage. Loaded Objects now: 3104.
Total: 7.676600 ms (FindLiveObjects: 0.244500 ms CreateObjectMapping: 0.161500 ms MarkObjects: 7.063000 ms  DeleteObjects: 0.206100 ms)

AssetImportParameters requested are different than current active one (requested -> active):
  custom:framework-win-MediaFoundation: 216162199b28c13a410421893ffa2e32 -> 
  custom:video-decoder-ogg-theora: a1e56fd34408186e4bbccfd4996cb3dc -> 
  custom:container-muxer-webm: aa71ff27fc2769a1b78a27578f13a17b -> 
  custom:container-demuxer-webm: 4f35f7cbe854078d1ac9338744f61a02 -> 
  custom:container-demuxer-ogg: 62fdf1f143b41e24485cea50d1cbac27 -> 
  custom:video-encoder-webm-vp8: eb34c28f22e8b96e1ab97ce403110664 -> 
  custom:video-decoder-webm-vp8: 9c59270c3fd7afecdb556c50c9e8de78 -> 
  custom:audio-decoder-ogg-vorbis: bf7c407c2cedff20999df2af8eb42d56 -> 
  custom:audio-encoder-webm-vorbis: bf7c407c2cedff20999df2af8eb42d56 -> 
========================================================================
Received Import Request.
  Time since last request: 452.584605 seconds.
  path: Assets/Scenes/PillChoice.unity
  artifactKey: Guid(e98e58b39afeb9e4e9ac6096ef833088) Importer(815301076,1909f56bfc062723c751e8b465ee728b)
Start importing Assets/Scenes/PillChoice.unity using Guid(e98e58b39afeb9e4e9ac6096ef833088) Importer(815301076,1909f56bfc062723c751e8b465ee728b)  -> (artifact id: 'c6db83e2704a6a6acb223ab02797ed32') in 0.035108 seconds 
========================================================================
Received Import Request.
  Time since last request: 46.887318 seconds.
  path: Assets/Scenes/memeallprefabs.unity
  artifactKey: Guid(7ed9570ca9f458c46823531c033ed7f0) Importer(815301076,1909f56bfc062723c751e8b465ee728b)
Start importing Assets/Scenes/memeallprefabs.unity using Guid(7ed9570ca9f458c46823531c033ed7f0) Importer(815301076,1909f56bfc062723c751e8b465ee728b)  -> (artifact id: 'e00cd61c5d95115c55f218a5abc024fd') in 0.003140 seconds 
========================================================================
Received Import Request.
  Time since last request: 20.181453 seconds.
  path: Assets/Scenes/PillChoice.unity
  artifactKey: Guid(e98e58b39afeb9e4e9ac6096ef833088) Importer(815301076,1909f56bfc062723c751e8b465ee728b)
Start importing Assets/Scenes/PillChoice.unity using Guid(e98e58b39afeb9e4e9ac6096ef833088) Importer(815301076,1909f56bfc062723c751e8b465ee728b)  -> (artifact id: 'c88ecded4a55704983e307efa3d64974') in 0.003668 seconds 
========================================================================
Received Import Request.
  Time since last request: 13.351481 seconds.
  path: Assets/Scenes/redpillarmyscene.unity
  artifactKey: Guid(5f64d8a9748a9794998ea8ec733d9762) Importer(815301076,1909f56bfc062723c751e8b465ee728b)
Start importing Assets/Scenes/redpillarmyscene.unity using Guid(5f64d8a9748a9794998ea8ec733d9762) Importer(815301076,1909f56bfc062723c751e8b465ee728b)  -> (artifact id: '7301a40a88040d52752bc53b25569b11') in 0.003492 seconds 
========================================================================
Received Prepare
Assets/Free-C4D-3D-Model-Vintage-Sony-Portable-Television/Sony 8-301 W.c4d: Unity no longer supports importing Cinema 4D files directly, but we're working with Maxon to make the experience better. To import Cinema 4D files, install Maxon's external importer. You can find more information on the Unity Forum: https://on.unity.com/c4d.

Please note that FBX files exported from Cinema4D are still supported.
Registering precompiled user dll's ...
Registered in 0.008960 seconds.
Begin MonoManager ReloadAssembly
Native extension for WindowsStandalone target not found
Refreshing native plugins compatible for Editor in 1.30 ms, found 5 plugins.
Preloading 0 native plugins for Editor in 0.00 ms.
Mono: successfully reloaded assembly
- Completed reload, in  1.309 seconds
Domain Reload Profiling:
	ReloadAssembly (1310ms)
		BeginReloadAssembly (160ms)
			ExecutionOrderSort (0ms)
			DisableScriptedObjects (7ms)
			BackupInstance (0ms)
			ReleaseScriptingObjects (0ms)
			CreateAndSetChildDomain (50ms)
		EndReloadAssembly (1077ms)
			LoadAssemblies (116ms)
			RebuildTransferFunctionScriptingTraits (0ms)
			SetupTypeCache (322ms)
			ReleaseScriptCaches (1ms)
			RebuildScriptCaches (61ms)
			SetupLoadedEditorAssemblies (465ms)
				LogAssemblyErrors (0ms)
				InitializePlatformSupportModulesInManaged (6ms)
				SetLoadedEditorAssemblies (0ms)
				RefreshPlugins (1ms)
				BeforeProcessingInitializeOnLoad (85ms)
				ProcessInitializeOnLoadAttributes (296ms)
				ProcessInitializeOnLoadMethodAttributes (69ms)
				AfterProcessingInitializeOnLoad (7ms)
				EditorAssembliesLoaded (0ms)
			ExecutionOrderSort2 (0ms)
			AwakeInstancesAfterBackupRestoration (8ms)
Platform modules already initialized, skipping
Refreshing native plugins compatible for Editor in 1.28 ms, found 5 plugins.
Preloading 0 native plugins for Editor in 0.00 ms.
Unloading 2515 Unused Serialized files (Serialized files now loaded: 0)
System memory in use before: 212.2 MB.
System memory in use after: 212.1 MB.

Unloading 59 unused Assets to reduce memory usage. Loaded Objects now: 3106.
Total: 10.384800 ms (FindLiveObjects: 0.439400 ms CreateObjectMapping: 0.208800 ms MarkObjects: 9.514600 ms  DeleteObjects: 0.220500 ms)

AssetImportParameters requested are different than current active one (requested -> active):
  custom:framework-win-MediaFoundation: 216162199b28c13a410421893ffa2e32 -> 
  custom:video-decoder-ogg-theora: a1e56fd34408186e4bbccfd4996cb3dc -> 
  custom:container-muxer-webm: aa71ff27fc2769a1b78a27578f13a17b -> 
  custom:container-demuxer-webm: 4f35f7cbe854078d1ac9338744f61a02 -> 
  custom:container-demuxer-ogg: 62fdf1f143b41e24485cea50d1cbac27 -> 
  custom:video-encoder-webm-vp8: eb34c28f22e8b96e1ab97ce403110664 -> 
  custom:video-decoder-webm-vp8: 9c59270c3fd7afecdb556c50c9e8de78 -> 
  custom:audio-decoder-ogg-vorbis: bf7c407c2cedff20999df2af8eb42d56 -> 
  custom:audio-encoder-webm-vorbis: bf7c407c2cedff20999df2af8eb42d56 -> 
========================================================================
Received Prepare
Assets/Free-C4D-3D-Model-Vintage-Sony-Portable-Television/Sony 8-301 W.c4d: Unity no longer supports importing Cinema 4D files directly, but we're working with Maxon to make the experience better. To import Cinema 4D files, install Maxon's external importer. You can find more information on the Unity Forum: https://on.unity.com/c4d.

Please note that FBX files exported from Cinema4D are still supported.
Registering precompiled user dll's ...
Registered in 0.009907 seconds.
Begin MonoManager ReloadAssembly
Native extension for WindowsStandalone target not found
Refreshing native plugins compatible for Editor in 1.41 ms, found 5 plugins.
Preloading 0 native plugins for Editor in 0.00 ms.
Mono: successfully reloaded assembly
- Completed reload, in  1.328 seconds
Domain Reload Profiling:
	ReloadAssembly (1328ms)
		BeginReloadAssembly (149ms)
			ExecutionOrderSort (0ms)
			DisableScriptedObjects (8ms)
			BackupInstance (0ms)
			ReleaseScriptingObjects (0ms)
			CreateAndSetChildDomain (50ms)
		EndReloadAssembly (1105ms)
			LoadAssemblies (116ms)
			RebuildTransferFunctionScriptingTraits (0ms)
			SetupTypeCache (373ms)
			ReleaseScriptCaches (2ms)
			RebuildScriptCaches (60ms)
			SetupLoadedEditorAssemblies (448ms)
				LogAssemblyErrors (0ms)
				InitializePlatformSupportModulesInManaged (5ms)
				SetLoadedEditorAssemblies (1ms)
				RefreshPlugins (1ms)
				BeforeProcessingInitializeOnLoad (76ms)
				ProcessInitializeOnLoadAttributes (286ms)
				ProcessInitializeOnLoadMethodAttributes (72ms)
				AfterProcessingInitializeOnLoad (7ms)
				EditorAssembliesLoaded (0ms)
			ExecutionOrderSort2 (0ms)
			AwakeInstancesAfterBackupRestoration (8ms)
Platform modules already initialized, skipping
Refreshing native plugins compatible for Editor in 1.24 ms, found 5 plugins.
Preloading 0 native plugins for Editor in 0.00 ms.
Unloading 2515 Unused Serialized files (Serialized files now loaded: 0)
System memory in use before: 212.3 MB.
System memory in use after: 212.3 MB.

Unloading 59 unused Assets to reduce memory usage. Loaded Objects now: 3108.
Total: 8.324300 ms (FindLiveObjects: 0.309200 ms CreateObjectMapping: 0.124900 ms MarkObjects: 7.626500 ms  DeleteObjects: 0.260700 ms)

AssetImportParameters requested are different than current active one (requested -> active):
  custom:framework-win-MediaFoundation: 216162199b28c13a410421893ffa2e32 -> 
  custom:video-decoder-ogg-theora: a1e56fd34408186e4bbccfd4996cb3dc -> 
  custom:container-muxer-webm: aa71ff27fc2769a1b78a27578f13a17b -> 
  custom:container-demuxer-webm: 4f35f7cbe854078d1ac9338744f61a02 -> 
  custom:container-demuxer-ogg: 62fdf1f143b41e24485cea50d1cbac27 -> 
  custom:video-encoder-webm-vp8: eb34c28f22e8b96e1ab97ce403110664 -> 
  custom:video-decoder-webm-vp8: 9c59270c3fd7afecdb556c50c9e8de78 -> 
  custom:audio-decoder-ogg-vorbis: bf7c407c2cedff20999df2af8eb42d56 -> 
  custom:audio-encoder-webm-vorbis: bf7c407c2cedff20999df2af8eb42d56 -> 
========================================================================
Received Import Request.
  Time since last request: 156.246452 seconds.
  path: Assets/Scripts/memeMarketController.cs
  artifactKey: Guid(d1d1f77989afb514599fc8ecaa604d96) Importer(815301076,1909f56bfc062723c751e8b465ee728b)
Start importing Assets/Scripts/memeMarketController.cs using Guid(d1d1f77989afb514599fc8ecaa604d96) Importer(815301076,1909f56bfc062723c751e8b465ee728b)  -> (artifact id: '979a06f40bd3cdef31e0e3ba4e7f1993') in 0.010758 seconds 
========================================================================
Received Import Request.
  Time since last request: 175.185310 seconds.
  path: Assets/Scripts/memeMarketController.cs
  artifactKey: Guid(d1d1f77989afb514599fc8ecaa604d96) Importer(815301076,1909f56bfc062723c751e8b465ee728b)
Start importing Assets/Scripts/memeMarketController.cs using Guid(d1d1f77989afb514599fc8ecaa604d96) Importer(815301076,1909f56bfc062723c751e8b465ee728b)  -> (artifact id: 'ca35a6406ec4db2c261f4e1fa3470b84') in 0.002439 seconds 
========================================================================
Received Import Request.
  Time since last request: 128.334467 seconds.
  path: Assets/map pics
  artifactKey: Guid(9926baa21b9620c44a890f70b3fa7aeb) Importer(815301076,1909f56bfc062723c751e8b465ee728b)
Start importing Assets/map pics using Guid(9926baa21b9620c44a890f70b3fa7aeb) Importer(815301076,1909f56bfc062723c751e8b465ee728b)  -> (artifact id: '1332a72581bac564e7533ab2a1ed7a2f') in 0.014036 seconds 
========================================================================
Received Import Request.
  Time since last request: 0.030452 seconds.
  path: Assets/map pics/81VoPMX5RZL._SL1500_.psd
  artifactKey: Guid(0de8563ff85d4c94b9b0b1bad03d8961) Importer(815301076,1909f56bfc062723c751e8b465ee728b)
Start importing Assets/map pics/81VoPMX5RZL._SL1500_.psd using Guid(0de8563ff85d4c94b9b0b1bad03d8961) Importer(815301076,1909f56bfc062723c751e8b465ee728b)  -> (artifact id: '7c480e2d72ff19c535f34c343682db19') in 0.077755 seconds 
========================================================================
Received Import Request.
  Time since last request: 0.000360 seconds.
  path: Assets/map pics/EFOicon.PNG
  artifactKey: Guid(82202927ea324404c93730f72818a820) Importer(815301076,1909f56bfc062723c751e8b465ee728b)
Start importing Assets/map pics/EFOicon.PNG using Guid(82202927ea324404c93730f72818a820) Importer(815301076,1909f56bfc062723c751e8b465ee728b)  -> (artifact id: '525dfd777141a536fc867615f8a8b977') in 0.070797 seconds 
========================================================================
Received Import Request.
  Time since last request: 0.000278 seconds.
  path: Assets/map pics/mapcity.psd
  artifactKey: Guid(da350d139dbb4ef4f912633a82e5be96) Importer(815301076,1909f56bfc062723c751e8b465ee728b)
Start importing Assets/map pics/mapcity.psd using Guid(da350d139dbb4ef4f912633a82e5be96) Importer(815301076,1909f56bfc062723c751e8b465ee728b)  -> (artifact id: 'e5a82b437831dbfc9e6c4257370427dc') in 0.018134 seconds 
========================================================================
Received Import Request.
  Time since last request: 0.000335 seconds.
  path: Assets/map pics/36904f05-a670-499d-a444-a4d7ee6b0f52.jpg
  artifactKey: Guid(6d0eac42a1736be48aa3d4bd7d0cbce5) Importer(815301076,1909f56bfc062723c751e8b465ee728b)
Start importing Assets/map pics/36904f05-a670-499d-a444-a4d7ee6b0f52.jpg using Guid(6d0eac42a1736be48aa3d4bd7d0cbce5) Importer(815301076,1909f56bfc062723c751e8b465ee728b)  -> (artifact id: '2ff1fdeaef80ddec85ea861e5e3fc81d') in 0.021318 seconds 
========================================================================
Received Import Request.
  Time since last request: 0.000469 seconds.
  path: Assets/map pics/maphill.psd
  artifactKey: Guid(0c5aa73553d5ae94eb7f6ba097b91675) Importer(815301076,1909f56bfc062723c751e8b465ee728b)
Start importing Assets/map pics/maphill.psd using Guid(0c5aa73553d5ae94eb7f6ba097b91675) Importer(815301076,1909f56bfc062723c751e8b465ee728b)  -> (artifact id: '38c0437f0dabf51fefb2cc397b2e261f') in 0.020962 seconds 
========================================================================
Received Import Request.
  Time since last request: 0.000324 seconds.
  path: Assets/map pics/swampmap.png
  artifactKey: Guid(b0c73ac922e965e4882bc3f3144be6e3) Importer(815301076,1909f56bfc062723c751e8b465ee728b)
Start importing Assets/map pics/swampmap.png using Guid(b0c73ac922e965e4882bc3f3144be6e3) Importer(815301076,1909f56bfc062723c751e8b465ee728b)  -> (artifact id: '47b775b7054689388a6750ee39df11b1') in 0.029213 seconds 
========================================================================
Received Import Request.
  Time since last request: 0.000364 seconds.
  path: Assets/map pics/mapcity.png
  artifactKey: Guid(71fd7bd4dcf0f884aa884312cc33bc30) Importer(815301076,1909f56bfc062723c751e8b465ee728b)
Start importing Assets/map pics/mapcity.png using Guid(71fd7bd4dcf0f884aa884312cc33bc30) Importer(815301076,1909f56bfc062723c751e8b465ee728b)  -> (artifact id: 'fceb7cd95feaba1ad7f59f7556ea955b') in 0.022740 seconds 
========================================================================
Received Import Request.
  Time since last request: 0.000443 seconds.
  path: Assets/map pics/marker2.psd
  artifactKey: Guid(01a6b7e0b6aec7a408e5b42242854a11) Importer(815301076,1909f56bfc062723c751e8b465ee728b)
Start importing Assets/map pics/marker2.psd using Guid(01a6b7e0b6aec7a408e5b42242854a11) Importer(815301076,1909f56bfc062723c751e8b465ee728b)  -> (artifact id: '3bd2a532b5bc10804a95abed070389ad') in 0.017922 seconds 
========================================================================
Received Import Request.
  Time since last request: 0.000278 seconds.
  path: Assets/map pics/All adresses.png
  artifactKey: Guid(572d888617a5bf7459a47f04fe629c4f) Importer(815301076,1909f56bfc062723c751e8b465ee728b)
Start importing Assets/map pics/All adresses.png using Guid(572d888617a5bf7459a47f04fe629c4f) Importer(815301076,1909f56bfc062723c751e8b465ee728b)  -> (artifact id: 'e705cf8fde82f3a36d16b2bfbad1709c') in 0.021315 seconds 
========================================================================
Received Import Request.
  Time since last request: 0.000392 seconds.
  path: Assets/map pics/maphill.png
  artifactKey: Guid(55ea5069877da6f41ac3c2a080467267) Importer(815301076,1909f56bfc062723c751e8b465ee728b)
Start importing Assets/map pics/maphill.png using Guid(55ea5069877da6f41ac3c2a080467267) Importer(815301076,1909f56bfc062723c751e8b465ee728b)  -> (artifact id: '5f763262008e9000d5a444f16eeb424d') in 0.019074 seconds 
========================================================================
Received Import Request.
  Time since last request: 0.000375 seconds.
  path: Assets/map pics/highlight.mat
  artifactKey: Guid(6ab5f06a762c4944c81504e2320d620a) Importer(815301076,1909f56bfc062723c751e8b465ee728b)
Start importing Assets/map pics/highlight.mat using Guid(6ab5f06a762c4944c81504e2320d620a) Importer(815301076,1909f56bfc062723c751e8b465ee728b)  -> (artifact id: '4bef9363f16906a4c1d5d22161238f70') in 0.075494 seconds 
========================================================================
Received Import Request.
  Time since last request: 0.000226 seconds.
  path: Assets/map pics/EFOicon 1.png
  artifactKey: Guid(5004a652f917d9d42ae5c6aa22464077) Importer(815301076,1909f56bfc062723c751e8b465ee728b)
Start importing Assets/map pics/EFOicon 1.png using Guid(5004a652f917d9d42ae5c6aa22464077) Importer(815301076,1909f56bfc062723c751e8b465ee728b)  -> (artifact id: '39f97222fa01976295d7e10a54abfc55') in 0.032163 seconds 
========================================================================
Received Import Request.
  Time since last request: 0.000271 seconds.
  path: Assets/map pics/swampmap.psd
  artifactKey: Guid(9e2462f6ffedcc4498adc229399c0109) Importer(815301076,1909f56bfc062723c751e8b465ee728b)
Start importing Assets/map pics/swampmap.psd using Guid(9e2462f6ffedcc4498adc229399c0109) Importer(815301076,1909f56bfc062723c751e8b465ee728b)  -> (artifact id: '5b8a142e49edb109a7b714ae6c22efa6') in 0.015032 seconds 
========================================================================
Received Import Request.
  Time since last request: 0.000254 seconds.
  path: Assets/map pics/marker.psd
  artifactKey: Guid(b5345898f02fde44684a36523f88c7e8) Importer(815301076,1909f56bfc062723c751e8b465ee728b)
Start importing Assets/map pics/marker.psd using Guid(b5345898f02fde44684a36523f88c7e8) Importer(815301076,1909f56bfc062723c751e8b465ee728b)  -> (artifact id: 'f1d7386466f474b0ce619f2e9d35ad72') in 0.024792 seconds 
========================================================================
Received Prepare
Assets/Free-C4D-3D-Model-Vintage-Sony-Portable-Television/Sony 8-301 W.c4d: Unity no longer supports importing Cinema 4D files directly, but we're working with Maxon to make the experience better. To import Cinema 4D files, install Maxon's external importer. You can find more information on the Unity Forum: https://on.unity.com/c4d.

Please note that FBX files exported from Cinema4D are still supported.
Registering precompiled user dll's ...
Registered in 0.007716 seconds.
Begin MonoManager ReloadAssembly
Native extension for WindowsStandalone target not found
Refreshing native plugins compatible for Editor in 1.58 ms, found 5 plugins.
Preloading 0 native plugins for Editor in 0.00 ms.
Mono: successfully reloaded assembly
- Completed reload, in  1.373 seconds
Domain Reload Profiling:
	ReloadAssembly (1373ms)
		BeginReloadAssembly (182ms)
			ExecutionOrderSort (0ms)
			DisableScriptedObjects (7ms)
			BackupInstance (0ms)
			ReleaseScriptingObjects (0ms)
			CreateAndSetChildDomain (72ms)
		EndReloadAssembly (1119ms)
			LoadAssemblies (113ms)
			RebuildTransferFunctionScriptingTraits (0ms)
			SetupTypeCache (357ms)
			ReleaseScriptCaches (2ms)
			RebuildScriptCaches (63ms)
			SetupLoadedEditorAssemblies (428ms)
				LogAssemblyErrors (0ms)
				InitializePlatformSupportModulesInManaged (6ms)
				SetLoadedEditorAssemblies (1ms)
				RefreshPlugins (2ms)
				BeforeProcessingInitializeOnLoad (80ms)
				ProcessInitializeOnLoadAttributes (258ms)
				ProcessInitializeOnLoadMethodAttributes (75ms)
				AfterProcessingInitializeOnLoad (8ms)
				EditorAssembliesLoaded (0ms)
			ExecutionOrderSort2 (0ms)
			AwakeInstancesAfterBackupRestoration (23ms)
Platform modules already initialized, skipping
Refreshing native plugins compatible for Editor in 1.29 ms, found 5 plugins.
Preloading 0 native plugins for Editor in 0.00 ms.
Unloading 2528 Unused Serialized files (Serialized files now loaded: 0)
System memory in use before: 241.8 MB.
System memory in use after: 241.7 MB.

Unloading 59 unused Assets to reduce memory usage. Loaded Objects now: 3347.
Total: 8.344600 ms (FindLiveObjects: 0.351300 ms CreateObjectMapping: 0.180300 ms MarkObjects: 7.576500 ms  DeleteObjects: 0.235300 ms)

AssetImportParameters requested are different than current active one (requested -> active):
  custom:framework-win-MediaFoundation: 216162199b28c13a410421893ffa2e32 -> 
  custom:video-decoder-ogg-theora: a1e56fd34408186e4bbccfd4996cb3dc -> 
  custom:container-muxer-webm: aa71ff27fc2769a1b78a27578f13a17b -> 
  custom:container-demuxer-webm: 4f35f7cbe854078d1ac9338744f61a02 -> 
  custom:container-demuxer-ogg: 62fdf1f143b41e24485cea50d1cbac27 -> 
  custom:video-encoder-webm-vp8: eb34c28f22e8b96e1ab97ce403110664 -> 
  custom:video-decoder-webm-vp8: 9c59270c3fd7afecdb556c50c9e8de78 -> 
  custom:audio-decoder-ogg-vorbis: bf7c407c2cedff20999df2af8eb42d56 -> 
  custom:audio-encoder-webm-vorbis: bf7c407c2cedff20999df2af8eb42d56 -> 
========================================================================
Received Prepare
Assets/Free-C4D-3D-Model-Vintage-Sony-Portable-Television/Sony 8-301 W.c4d: Unity no longer supports importing Cinema 4D files directly, but we're working with Maxon to make the experience better. To import Cinema 4D files, install Maxon's external importer. You can find more information on the Unity Forum: https://on.unity.com/c4d.

Please note that FBX files exported from Cinema4D are still supported.
Registering precompiled user dll's ...
Registered in 0.007952 seconds.
Begin MonoManager ReloadAssembly
Native extension for WindowsStandalone target not found
Refreshing native plugins compatible for Editor in 1.12 ms, found 5 plugins.
Preloading 0 native plugins for Editor in 0.00 ms.
Mono: successfully reloaded assembly
- Completed reload, in  1.257 seconds
Domain Reload Profiling:
	ReloadAssembly (1257ms)
		BeginReloadAssembly (139ms)
			ExecutionOrderSort (0ms)
			DisableScriptedObjects (12ms)
			BackupInstance (0ms)
			ReleaseScriptingObjects (0ms)
			CreateAndSetChildDomain (41ms)
		EndReloadAssembly (1039ms)
			LoadAssemblies (113ms)
			RebuildTransferFunctionScriptingTraits (0ms)
			SetupTypeCache (343ms)
			ReleaseScriptCaches (2ms)
			RebuildScriptCaches (59ms)
			SetupLoadedEditorAssemblies (403ms)
				LogAssemblyErrors (0ms)
				InitializePlatformSupportModulesInManaged (5ms)
				SetLoadedEditorAssemblies (1ms)
				RefreshPlugins (1ms)
				BeforeProcessingInitializeOnLoad (77ms)
				ProcessInitializeOnLoadAttributes (244ms)
				ProcessInitializeOnLoadMethodAttributes (67ms)
				AfterProcessingInitializeOnLoad (7ms)
				EditorAssembliesLoaded (0ms)
			ExecutionOrderSort2 (0ms)
			AwakeInstancesAfterBackupRestoration (16ms)
Platform modules already initialized, skipping
Refreshing native plugins compatible for Editor in 1.26 ms, found 5 plugins.
Preloading 0 native plugins for Editor in 0.00 ms.
Unloading 2515 Unused Serialized files (Serialized files now loaded: 0)
System memory in use before: 241.4 MB.
System memory in use after: 241.3 MB.

Unloading 59 unused Assets to reduce memory usage. Loaded Objects now: 3349.
Total: 8.059600 ms (FindLiveObjects: 0.275300 ms CreateObjectMapping: 0.136900 ms MarkObjects: 7.392700 ms  DeleteObjects: 0.253600 ms)

AssetImportParameters requested are different than current active one (requested -> active):
  custom:framework-win-MediaFoundation: 216162199b28c13a410421893ffa2e32 -> 
  custom:video-decoder-ogg-theora: a1e56fd34408186e4bbccfd4996cb3dc -> 
  custom:container-muxer-webm: aa71ff27fc2769a1b78a27578f13a17b -> 
  custom:container-demuxer-webm: 4f35f7cbe854078d1ac9338744f61a02 -> 
  custom:container-demuxer-ogg: 62fdf1f143b41e24485cea50d1cbac27 -> 
  custom:video-encoder-webm-vp8: eb34c28f22e8b96e1ab97ce403110664 -> 
  custom:video-decoder-webm-vp8: 9c59270c3fd7afecdb556c50c9e8de78 -> 
  custom:audio-decoder-ogg-vorbis: bf7c407c2cedff20999df2af8eb42d56 -> 
  custom:audio-encoder-webm-vorbis: bf7c407c2cedff20999df2af8eb42d56 -> 
========================================================================
Received Prepare
Assets/Free-C4D-3D-Model-Vintage-Sony-Portable-Television/Sony 8-301 W.c4d: Unity no longer supports importing Cinema 4D files directly, but we're working with Maxon to make the experience better. To import Cinema 4D files, install Maxon's external importer. You can find more information on the Unity Forum: https://on.unity.com/c4d.

Please note that FBX files exported from Cinema4D are still supported.
Registering precompiled user dll's ...
Registered in 0.008814 seconds.
Begin MonoManager ReloadAssembly
Native extension for WindowsStandalone target not found
Refreshing native plugins compatible for Editor in 1.09 ms, found 5 plugins.
Preloading 0 native plugins for Editor in 0.00 ms.
Mono: successfully reloaded assembly
- Completed reload, in  1.286 seconds
Domain Reload Profiling:
	ReloadAssembly (1287ms)
		BeginReloadAssembly (167ms)
			ExecutionOrderSort (0ms)
			DisableScriptedObjects (10ms)
			BackupInstance (0ms)
			ReleaseScriptingObjects (0ms)
			CreateAndSetChildDomain (44ms)
		EndReloadAssembly (1045ms)
			LoadAssemblies (125ms)
			RebuildTransferFunctionScriptingTraits (0ms)
			SetupTypeCache (366ms)
			ReleaseScriptCaches (2ms)
			RebuildScriptCaches (53ms)
			SetupLoadedEditorAssemblies (412ms)
				LogAssemblyErrors (0ms)
				InitializePlatformSupportModulesInManaged (6ms)
				SetLoadedEditorAssemblies (0ms)
				RefreshPlugins (1ms)
				BeforeProcessingInitializeOnLoad (70ms)
				ProcessInitializeOnLoadAttributes (258ms)
				ProcessInitializeOnLoadMethodAttributes (69ms)
				AfterProcessingInitializeOnLoad (8ms)
				EditorAssembliesLoaded (0ms)
			ExecutionOrderSort2 (0ms)
			AwakeInstancesAfterBackupRestoration (14ms)
Platform modules already initialized, skipping
Refreshing native plugins compatible for Editor in 1.57 ms, found 5 plugins.
Preloading 0 native plugins for Editor in 0.00 ms.
Unloading 2515 Unused Serialized files (Serialized files now loaded: 0)
System memory in use before: 241.4 MB.
System memory in use after: 241.3 MB.

Unloading 59 unused Assets to reduce memory usage. Loaded Objects now: 3351.
Total: 8.482900 ms (FindLiveObjects: 0.264600 ms CreateObjectMapping: 0.125000 ms MarkObjects: 7.600800 ms  DeleteObjects: 0.491300 ms)

AssetImportParameters requested are different than current active one (requested -> active):
  custom:framework-win-MediaFoundation: 216162199b28c13a410421893ffa2e32 -> 
  custom:video-decoder-ogg-theora: a1e56fd34408186e4bbccfd4996cb3dc -> 
  custom:container-muxer-webm: aa71ff27fc2769a1b78a27578f13a17b -> 
  custom:container-demuxer-webm: 4f35f7cbe854078d1ac9338744f61a02 -> 
  custom:container-demuxer-ogg: 62fdf1f143b41e24485cea50d1cbac27 -> 
  custom:video-encoder-webm-vp8: eb34c28f22e8b96e1ab97ce403110664 -> 
  custom:video-decoder-webm-vp8: 9c59270c3fd7afecdb556c50c9e8de78 -> 
  custom:audio-decoder-ogg-vorbis: bf7c407c2cedff20999df2af8eb42d56 -> 
  custom:audio-encoder-webm-vorbis: bf7c407c2cedff20999df2af8eb42d56 -> 
========================================================================
Received Prepare
Assets/Free-C4D-3D-Model-Vintage-Sony-Portable-Television/Sony 8-301 W.c4d: Unity no longer supports importing Cinema 4D files directly, but we're working with Maxon to make the experience better. To import Cinema 4D files, install Maxon's external importer. You can find more information on the Unity Forum: https://on.unity.com/c4d.

Please note that FBX files exported from Cinema4D are still supported.
Registering precompiled user dll's ...
Registered in 0.007811 seconds.
Begin MonoManager ReloadAssembly
Native extension for WindowsStandalone target not found
Refreshing native plugins compatible for Editor in 1.96 ms, found 5 plugins.
Preloading 0 native plugins for Editor in 0.00 ms.
Mono: successfully reloaded assembly
- Completed reload, in  1.321 seconds
Domain Reload Profiling:
	ReloadAssembly (1321ms)
		BeginReloadAssembly (156ms)
			ExecutionOrderSort (0ms)
			DisableScriptedObjects (12ms)
			BackupInstance (0ms)
			ReleaseScriptingObjects (0ms)
			CreateAndSetChildDomain (45ms)
		EndReloadAssembly (1082ms)
			LoadAssemblies (123ms)
			RebuildTransferFunctionScriptingTraits (0ms)
			SetupTypeCache (343ms)
			ReleaseScriptCaches (2ms)
			RebuildScriptCaches (68ms)
			SetupLoadedEditorAssemblies (415ms)
				LogAssemblyErrors (0ms)
				InitializePlatformSupportModulesInManaged (8ms)
				SetLoadedEditorAssemblies (1ms)
				RefreshPlugins (2ms)
				BeforeProcessingInitializeOnLoad (77ms)
				ProcessInitializeOnLoadAttributes (253ms)
				ProcessInitializeOnLoadMethodAttributes (67ms)
				AfterProcessingInitializeOnLoad (7ms)
				EditorAssembliesLoaded (0ms)
			ExecutionOrderSort2 (0ms)
			AwakeInstancesAfterBackupRestoration (14ms)
Platform modules already initialized, skipping
Refreshing native plugins compatible for Editor in 1.16 ms, found 5 plugins.
Preloading 0 native plugins for Editor in 0.00 ms.
Unloading 2515 Unused Serialized files (Serialized files now loaded: 0)
System memory in use before: 241.4 MB.
System memory in use after: 241.4 MB.

Unloading 59 unused Assets to reduce memory usage. Loaded Objects now: 3353.
Total: 8.171500 ms (FindLiveObjects: 0.255500 ms CreateObjectMapping: 0.139100 ms MarkObjects: 7.543300 ms  DeleteObjects: 0.232400 ms)

AssetImportParameters requested are different than current active one (requested -> active):
  custom:framework-win-MediaFoundation: 216162199b28c13a410421893ffa2e32 -> 
  custom:video-decoder-ogg-theora: a1e56fd34408186e4bbccfd4996cb3dc -> 
  custom:container-muxer-webm: aa71ff27fc2769a1b78a27578f13a17b -> 
  custom:container-demuxer-webm: 4f35f7cbe854078d1ac9338744f61a02 -> 
  custom:container-demuxer-ogg: 62fdf1f143b41e24485cea50d1cbac27 -> 
  custom:video-encoder-webm-vp8: eb34c28f22e8b96e1ab97ce403110664 -> 
  custom:video-decoder-webm-vp8: 9c59270c3fd7afecdb556c50c9e8de78 -> 
  custom:audio-decoder-ogg-vorbis: bf7c407c2cedff20999df2af8eb42d56 -> 
  custom:audio-encoder-webm-vorbis: bf7c407c2cedff20999df2af8eb42d56 -> 
========================================================================
Received Prepare
Assets/Free-C4D-3D-Model-Vintage-Sony-Portable-Television/Sony 8-301 W.c4d: Unity no longer supports importing Cinema 4D files directly, but we're working with Maxon to make the experience better. To import Cinema 4D files, install Maxon's external importer. You can find more information on the Unity Forum: https://on.unity.com/c4d.

Please note that FBX files exported from Cinema4D are still supported.
Registering precompiled user dll's ...
Registered in 0.008222 seconds.
Begin MonoManager ReloadAssembly
Native extension for WindowsStandalone target not found
Refreshing native plugins compatible for Editor in 1.28 ms, found 5 plugins.
Preloading 0 native plugins for Editor in 0.00 ms.
Mono: successfully reloaded assembly
- Completed reload, in  1.391 seconds
Domain Reload Profiling:
	ReloadAssembly (1392ms)
		BeginReloadAssembly (137ms)
			ExecutionOrderSort (0ms)
			DisableScriptedObjects (9ms)
			BackupInstance (0ms)
			ReleaseScriptingObjects (0ms)
			CreateAndSetChildDomain (41ms)
		EndReloadAssembly (1169ms)
			LoadAssemblies (119ms)
			RebuildTransferFunctionScriptingTraits (0ms)
			SetupTypeCache (387ms)
			ReleaseScriptCaches (2ms)
			RebuildScriptCaches (73ms)
			SetupLoadedEditorAssemblies (439ms)
				LogAssemblyErrors (0ms)
				InitializePlatformSupportModulesInManaged (5ms)
				SetLoadedEditorAssemblies (0ms)
				RefreshPlugins (1ms)
				BeforeProcessingInitializeOnLoad (79ms)
				ProcessInitializeOnLoadAttributes (271ms)
				ProcessInitializeOnLoadMethodAttributes (73ms)
				AfterProcessingInitializeOnLoad (8ms)
				EditorAssembliesLoaded (0ms)
			ExecutionOrderSort2 (0ms)
			AwakeInstancesAfterBackupRestoration (14ms)
Platform modules already initialized, skipping
Refreshing native plugins compatible for Editor in 2.09 ms, found 5 plugins.
Preloading 0 native plugins for Editor in 0.00 ms.
Unloading 2515 Unused Serialized files (Serialized files now loaded: 0)
System memory in use before: 241.4 MB.
System memory in use after: 241.4 MB.

Unloading 59 unused Assets to reduce memory usage. Loaded Objects now: 3355.
Total: 13.555800 ms (FindLiveObjects: 0.430300 ms CreateObjectMapping: 0.271300 ms MarkObjects: 12.562500 ms  DeleteObjects: 0.290200 ms)

AssetImportParameters requested are different than current active one (requested -> active):
  custom:framework-win-MediaFoundation: 216162199b28c13a410421893ffa2e32 -> 
  custom:video-decoder-ogg-theora: a1e56fd34408186e4bbccfd4996cb3dc -> 
  custom:container-muxer-webm: aa71ff27fc2769a1b78a27578f13a17b -> 
  custom:container-demuxer-webm: 4f35f7cbe854078d1ac9338744f61a02 -> 
  custom:container-demuxer-ogg: 62fdf1f143b41e24485cea50d1cbac27 -> 
  custom:video-encoder-webm-vp8: eb34c28f22e8b96e1ab97ce403110664 -> 
  custom:video-decoder-webm-vp8: 9c59270c3fd7afecdb556c50c9e8de78 -> 
  custom:audio-decoder-ogg-vorbis: bf7c407c2cedff20999df2af8eb42d56 -> 
  custom:audio-encoder-webm-vorbis: bf7c407c2cedff20999df2af8eb42d56 -> 
========================================================================
Received Prepare
Assets/Free-C4D-3D-Model-Vintage-Sony-Portable-Television/Sony 8-301 W.c4d: Unity no longer supports importing Cinema 4D files directly, but we're working with Maxon to make the experience better. To import Cinema 4D files, install Maxon's external importer. You can find more information on the Unity Forum: https://on.unity.com/c4d.

Please note that FBX files exported from Cinema4D are still supported.
Registering precompiled user dll's ...
Registered in 0.007864 seconds.
Begin MonoManager ReloadAssembly
Native extension for WindowsStandalone target not found
Refreshing native plugins compatible for Editor in 1.72 ms, found 5 plugins.
Preloading 0 native plugins for Editor in 0.00 ms.
Mono: successfully reloaded assembly
- Completed reload, in  1.501 seconds
Domain Reload Profiling:
	ReloadAssembly (1501ms)
		BeginReloadAssembly (173ms)
			ExecutionOrderSort (0ms)
			DisableScriptedObjects (8ms)
			BackupInstance (0ms)
			ReleaseScriptingObjects (0ms)
			CreateAndSetChildDomain (53ms)
		EndReloadAssembly (1252ms)
			LoadAssemblies (150ms)
			RebuildTransferFunctionScriptingTraits (0ms)
			SetupTypeCache (409ms)
			ReleaseScriptCaches (2ms)
			RebuildScriptCaches (71ms)
			SetupLoadedEditorAssemblies (468ms)
				LogAssemblyErrors (0ms)
				InitializePlatformSupportModulesInManaged (7ms)
				SetLoadedEditorAssemblies (0ms)
				RefreshPlugins (2ms)
				BeforeProcessingInitializeOnLoad (95ms)
				ProcessInitializeOnLoadAttributes (279ms)
				ProcessInitializeOnLoadMethodAttributes (76ms)
				AfterProcessingInitializeOnLoad (9ms)
				EditorAssembliesLoaded (0ms)
			ExecutionOrderSort2 (0ms)
			AwakeInstancesAfterBackupRestoration (15ms)
Platform modules already initialized, skipping
Refreshing native plugins compatible for Editor in 1.40 ms, found 5 plugins.
Preloading 0 native plugins for Editor in 0.00 ms.
Unloading 2515 Unused Serialized files (Serialized files now loaded: 0)
System memory in use before: 241.4 MB.
System memory in use after: 241.4 MB.

Unloading 59 unused Assets to reduce memory usage. Loaded Objects now: 3357.
Total: 9.713300 ms (FindLiveObjects: 0.289600 ms CreateObjectMapping: 0.158600 ms MarkObjects: 9.065400 ms  DeleteObjects: 0.198100 ms)

AssetImportParameters requested are different than current active one (requested -> active):
  custom:framework-win-MediaFoundation: 216162199b28c13a410421893ffa2e32 -> 
  custom:video-decoder-ogg-theora: a1e56fd34408186e4bbccfd4996cb3dc -> 
  custom:container-muxer-webm: aa71ff27fc2769a1b78a27578f13a17b -> 
  custom:container-demuxer-webm: 4f35f7cbe854078d1ac9338744f61a02 -> 
  custom:container-demuxer-ogg: 62fdf1f143b41e24485cea50d1cbac27 -> 
  custom:video-encoder-webm-vp8: eb34c28f22e8b96e1ab97ce403110664 -> 
  custom:video-decoder-webm-vp8: 9c59270c3fd7afecdb556c50c9e8de78 -> 
  custom:audio-decoder-ogg-vorbis: bf7c407c2cedff20999df2af8eb42d56 -> 
  custom:audio-encoder-webm-vorbis: bf7c407c2cedff20999df2af8eb42d56 -> 
========================================================================
Received Prepare
Assets/Free-C4D-3D-Model-Vintage-Sony-Portable-Television/Sony 8-301 W.c4d: Unity no longer supports importing Cinema 4D files directly, but we're working with Maxon to make the experience better. To import Cinema 4D files, install Maxon's external importer. You can find more information on the Unity Forum: https://on.unity.com/c4d.

Please note that FBX files exported from Cinema4D are still supported.
Registering precompiled user dll's ...
Registered in 0.008523 seconds.
Begin MonoManager ReloadAssembly
Native extension for WindowsStandalone target not found
Refreshing native plugins compatible for Editor in 1.24 ms, found 5 plugins.
Preloading 0 native plugins for Editor in 0.00 ms.
Mono: successfully reloaded assembly
- Completed reload, in  1.497 seconds
Domain Reload Profiling:
	ReloadAssembly (1497ms)
		BeginReloadAssembly (163ms)
			ExecutionOrderSort (0ms)
			DisableScriptedObjects (10ms)
			BackupInstance (0ms)
			ReleaseScriptingObjects (0ms)
			CreateAndSetChildDomain (45ms)
		EndReloadAssembly (1246ms)
			LoadAssemblies (131ms)
			RebuildTransferFunctionScriptingTraits (0ms)
			SetupTypeCache (406ms)
			ReleaseScriptCaches (2ms)
			RebuildScriptCaches (67ms)
			SetupLoadedEditorAssemblies (520ms)
				LogAssemblyErrors (0ms)
				InitializePlatformSupportModulesInManaged (7ms)
				SetLoadedEditorAssemblies (1ms)
				RefreshPlugins (1ms)
				BeforeProcessingInitializeOnLoad (90ms)
				ProcessInitializeOnLoadAttributes (337ms)
				ProcessInitializeOnLoadMethodAttributes (74ms)
				AfterProcessingInitializeOnLoad (10ms)
				EditorAssembliesLoaded (0ms)
			ExecutionOrderSort2 (0ms)
			AwakeInstancesAfterBackupRestoration (15ms)
Platform modules already initialized, skipping
Refreshing native plugins compatible for Editor in 1.23 ms, found 5 plugins.
Preloading 0 native plugins for Editor in 0.00 ms.
Unloading 2515 Unused Serialized files (Serialized files now loaded: 0)
System memory in use before: 241.5 MB.
System memory in use after: 241.4 MB.

Unloading 59 unused Assets to reduce memory usage. Loaded Objects now: 3359.
Total: 8.483600 ms (FindLiveObjects: 0.350100 ms CreateObjectMapping: 0.135500 ms MarkObjects: 7.776700 ms  DeleteObjects: 0.220300 ms)

AssetImportParameters requested are different than current active one (requested -> active):
  custom:framework-win-MediaFoundation: 216162199b28c13a410421893ffa2e32 -> 
  custom:video-decoder-ogg-theora: a1e56fd34408186e4bbccfd4996cb3dc -> 
  custom:container-muxer-webm: aa71ff27fc2769a1b78a27578f13a17b -> 
  custom:container-demuxer-webm: 4f35f7cbe854078d1ac9338744f61a02 -> 
  custom:container-demuxer-ogg: 62fdf1f143b41e24485cea50d1cbac27 -> 
  custom:video-encoder-webm-vp8: eb34c28f22e8b96e1ab97ce403110664 -> 
  custom:video-decoder-webm-vp8: 9c59270c3fd7afecdb556c50c9e8de78 -> 
  custom:audio-decoder-ogg-vorbis: bf7c407c2cedff20999df2af8eb42d56 -> 
  custom:audio-encoder-webm-vorbis: bf7c407c2cedff20999df2af8eb42d56 -> 
========================================================================
Received Import Request.
  Time since last request: 1747.880245 seconds.
  path: Assets/Scenes/memeallprefabs.unity
  artifactKey: Guid(7ed9570ca9f458c46823531c033ed7f0) Importer(815301076,1909f56bfc062723c751e8b465ee728b)
Start importing Assets/Scenes/memeallprefabs.unity using Guid(7ed9570ca9f458c46823531c033ed7f0) Importer(815301076,1909f56bfc062723c751e8b465ee728b)  -> (artifact id: 'f45af8eea15ee517b76239b8a79f7525') in 0.033629 seconds 
========================================================================
Received Import Request.
  Time since last request: 9.307115 seconds.
  path: Assets/Meme Scene Prefabs/Canvas.prefab
  artifactKey: Guid(826912975c4c04d418e3f3be5523cb06) Importer(815301076,1909f56bfc062723c751e8b465ee728b)
Start importing Assets/Meme Scene Prefabs/Canvas.prefab using Guid(826912975c4c04d418e3f3be5523cb06) Importer(815301076,1909f56bfc062723c751e8b465ee728b)  -> (artifact id: '55fcd3600b27f5653107b8bf113a2fd5') in 0.056997 seconds 
========================================================================
Received Import Request.
  Time since last request: 15.703243 seconds.
  path: Assets/Meme Scene Prefabs/Canvas.prefab
  artifactKey: Guid(826912975c4c04d418e3f3be5523cb06) Importer(815301076,1909f56bfc062723c751e8b465ee728b)
Start importing Assets/Meme Scene Prefabs/Canvas.prefab using Guid(826912975c4c04d418e3f3be5523cb06) Importer(815301076,1909f56bfc062723c751e8b465ee728b)  -> (artifact id: '125e856e9049fe94069e189cc169777d') in 0.025403 seconds 
========================================================================
Received Prepare
Assets/Free-C4D-3D-Model-Vintage-Sony-Portable-Television/Sony 8-301 W.c4d: Unity no longer supports importing Cinema 4D files directly, but we're working with Maxon to make the experience better. To import Cinema 4D files, install Maxon's external importer. You can find more information on the Unity Forum: https://on.unity.com/c4d.

Please note that FBX files exported from Cinema4D are still supported.
Registering precompiled user dll's ...
Registered in 0.007910 seconds.
Begin MonoManager ReloadAssembly
Native extension for WindowsStandalone target not found
Refreshing native plugins compatible for Editor in 1.13 ms, found 5 plugins.
Preloading 0 native plugins for Editor in 0.00 ms.
Mono: successfully reloaded assembly
- Completed reload, in  1.337 seconds
Domain Reload Profiling:
	ReloadAssembly (1337ms)
		BeginReloadAssembly (175ms)
			ExecutionOrderSort (0ms)
			DisableScriptedObjects (8ms)
			BackupInstance (0ms)
			ReleaseScriptingObjects (0ms)
			CreateAndSetChildDomain (65ms)
		EndReloadAssembly (1090ms)
			LoadAssemblies (125ms)
			RebuildTransferFunctionScriptingTraits (0ms)
			SetupTypeCache (373ms)
			ReleaseScriptCaches (2ms)
			RebuildScriptCaches (76ms)
			SetupLoadedEditorAssemblies (395ms)
				LogAssemblyErrors (0ms)
				InitializePlatformSupportModulesInManaged (5ms)
				SetLoadedEditorAssemblies (1ms)
				RefreshPlugins (1ms)
				BeforeProcessingInitializeOnLoad (77ms)
				ProcessInitializeOnLoadAttributes (240ms)
				ProcessInitializeOnLoadMethodAttributes (64ms)
				AfterProcessingInitializeOnLoad (7ms)
				EditorAssembliesLoaded (0ms)
			ExecutionOrderSort2 (0ms)
			AwakeInstancesAfterBackupRestoration (13ms)
Platform modules already initialized, skipping
Refreshing native plugins compatible for Editor in 1.16 ms, found 5 plugins.
Preloading 0 native plugins for Editor in 0.00 ms.
Unloading 2515 Unused Serialized files (Serialized files now loaded: 0)
System memory in use before: 242.1 MB.
System memory in use after: 242.1 MB.

Unloading 60 unused Assets to reduce memory usage. Loaded Objects now: 3363.
Total: 8.540200 ms (FindLiveObjects: 0.398000 ms CreateObjectMapping: 0.163000 ms MarkObjects: 7.763200 ms  DeleteObjects: 0.214500 ms)

AssetImportParameters requested are different than current active one (requested -> active):
  custom:framework-win-MediaFoundation: 216162199b28c13a410421893ffa2e32 -> 
  custom:video-decoder-ogg-theora: a1e56fd34408186e4bbccfd4996cb3dc -> 
  custom:container-muxer-webm: aa71ff27fc2769a1b78a27578f13a17b -> 
  custom:container-demuxer-webm: 4f35f7cbe854078d1ac9338744f61a02 -> 
  custom:container-demuxer-ogg: 62fdf1f143b41e24485cea50d1cbac27 -> 
  custom:video-encoder-webm-vp8: eb34c28f22e8b96e1ab97ce403110664 -> 
  custom:video-decoder-webm-vp8: 9c59270c3fd7afecdb556c50c9e8de78 -> 
  custom:audio-decoder-ogg-vorbis: bf7c407c2cedff20999df2af8eb42d56 -> 
  custom:audio-encoder-webm-vorbis: bf7c407c2cedff20999df2af8eb42d56 -> 
========================================================================
Received Prepare
Assets/Free-C4D-3D-Model-Vintage-Sony-Portable-Television/Sony 8-301 W.c4d: Unity no longer supports importing Cinema 4D files directly, but we're working with Maxon to make the experience better. To import Cinema 4D files, install Maxon's external importer. You can find more information on the Unity Forum: https://on.unity.com/c4d.

Please note that FBX files exported from Cinema4D are still supported.
Registering precompiled user dll's ...
Registered in 0.008330 seconds.
Begin MonoManager ReloadAssembly
Native extension for WindowsStandalone target not found
Refreshing native plugins compatible for Editor in 1.35 ms, found 5 plugins.
Preloading 0 native plugins for Editor in 0.00 ms.
Mono: successfully reloaded assembly
- Completed reload, in  1.378 seconds
Domain Reload Profiling:
	ReloadAssembly (1378ms)
		BeginReloadAssembly (138ms)
			ExecutionOrderSort (0ms)
			DisableScriptedObjects (8ms)
			BackupInstance (0ms)
			ReleaseScriptingObjects (0ms)
			CreateAndSetChildDomain (37ms)
		EndReloadAssembly (1171ms)
			LoadAssemblies (109ms)
			RebuildTransferFunctionScriptingTraits (0ms)
			SetupTypeCache (342ms)
			ReleaseScriptCaches (2ms)
			RebuildScriptCaches (67ms)
			SetupLoadedEditorAssemblies (506ms)
				LogAssemblyErrors (0ms)
				InitializePlatformSupportModulesInManaged (7ms)
				SetLoadedEditorAssemblies (0ms)
				RefreshPlugins (1ms)
				BeforeProcessingInitializeOnLoad (86ms)
				ProcessInitializeOnLoadAttributes (314ms)
				ProcessInitializeOnLoadMethodAttributes (85ms)
				AfterProcessingInitializeOnLoad (11ms)
				EditorAssembliesLoaded (0ms)
			ExecutionOrderSort2 (0ms)
			AwakeInstancesAfterBackupRestoration (20ms)
Platform modules already initialized, skipping
Refreshing native plugins compatible for Editor in 1.64 ms, found 5 plugins.
Preloading 0 native plugins for Editor in 0.00 ms.
Unloading 2515 Unused Serialized files (Serialized files now loaded: 0)
System memory in use before: 242.1 MB.
System memory in use after: 242.1 MB.

Unloading 59 unused Assets to reduce memory usage. Loaded Objects now: 3365.
Total: 8.943000 ms (FindLiveObjects: 0.270900 ms CreateObjectMapping: 0.127600 ms MarkObjects: 8.278500 ms  DeleteObjects: 0.265000 ms)

AssetImportParameters requested are different than current active one (requested -> active):
  custom:framework-win-MediaFoundation: 216162199b28c13a410421893ffa2e32 -> 
  custom:video-decoder-ogg-theora: a1e56fd34408186e4bbccfd4996cb3dc -> 
  custom:container-muxer-webm: aa71ff27fc2769a1b78a27578f13a17b -> 
  custom:container-demuxer-webm: 4f35f7cbe854078d1ac9338744f61a02 -> 
  custom:container-demuxer-ogg: 62fdf1f143b41e24485cea50d1cbac27 -> 
  custom:video-encoder-webm-vp8: eb34c28f22e8b96e1ab97ce403110664 -> 
  custom:video-decoder-webm-vp8: 9c59270c3fd7afecdb556c50c9e8de78 -> 
  custom:audio-decoder-ogg-vorbis: bf7c407c2cedff20999df2af8eb42d56 -> 
  custom:audio-encoder-webm-vorbis: bf7c407c2cedff20999df2af8eb42d56 -> 
========================================================================
Received Prepare
Assets/Free-C4D-3D-Model-Vintage-Sony-Portable-Television/Sony 8-301 W.c4d: Unity no longer supports importing Cinema 4D files directly, but we're working with Maxon to make the experience better. To import Cinema 4D files, install Maxon's external importer. You can find more information on the Unity Forum: https://on.unity.com/c4d.

Please note that FBX files exported from Cinema4D are still supported.
Refreshing native plugins compatible for Editor in 25.40 ms, found 5 plugins.
Preloading 0 native plugins for Editor in 0.00 ms.
Unloading 58 Unused Serialized files (Serialized files now loaded: 0)
System memory in use before: 193.3 MB.
System memory in use after: 193.3 MB.

Unloading 57 unused Assets to reduce memory usage. Loaded Objects now: 3365.
Total: 9.660600 ms (FindLiveObjects: 0.335700 ms CreateObjectMapping: 0.189800 ms MarkObjects: 8.746200 ms  DeleteObjects: 0.387000 ms)

AssetImportParameters requested are different than current active one (requested -> active):
  custom:framework-win-MediaFoundation: 216162199b28c13a410421893ffa2e32 -> 
  custom:video-decoder-ogg-theora: a1e56fd34408186e4bbccfd4996cb3dc -> 
  custom:container-muxer-webm: aa71ff27fc2769a1b78a27578f13a17b -> 
  custom:container-demuxer-webm: 4f35f7cbe854078d1ac9338744f61a02 -> 
  custom:container-demuxer-ogg: 62fdf1f143b41e24485cea50d1cbac27 -> 
  custom:video-encoder-webm-vp8: eb34c28f22e8b96e1ab97ce403110664 -> 
  custom:video-decoder-webm-vp8: 9c59270c3fd7afecdb556c50c9e8de78 -> 
  custom:audio-decoder-ogg-vorbis: bf7c407c2cedff20999df2af8eb42d56 -> 
  custom:audio-encoder-webm-vorbis: bf7c407c2cedff20999df2af8eb42d56 -> 
AssetImportWorkerClient::OnTransportError - code=2 error=End of file
